<?xml version="1.0" encoding="UTF-8"?>
<testsuite xmlns:xsi="http://www.w3.org/2001/XMLSchema-instance" xsi:noNamespaceSchemaLocation="https://maven.apache.org/surefire/maven-surefire-plugin/xsd/surefire-test-report-3.0.xsd" version="3.0" name="com.rest.cashcard.CashCardApplicationTests" time="5.319" tests="3" errors="0" skipped="0" failures="0">
  <properties>
[...]
</properties>
  <testcase name="shouldCreateANewOne" classname="com.rest.cashcard.CashCardApplicationTests" time="1.377">
    <system-out><![CDATA[18:47:23.370 [main] INFO org.springframework.test.context.support.AnnotationConfigContextLoaderUtils -- Could not detect default configuration classes for test class [com.rest.cashcard.CashCardApplicationTests]: CashCardApplicationTests does not declare any static, non-private, non-final, nested classes annotated with @Configuration.
18:47:23.501 [main] INFO org.springframework.boot.test.context.SpringBootTestContextBootstrapper -- Found @SpringBootConfiguration com.rest.cashcard.CashcardApplication for test class com.rest.cashcard.CashCardApplicationTests
18:47:23.700 [main] INFO org.springframework.boot.devtools.restart.RestartApplicationListener -- Restart disabled due to context in which it is running

  .   ____          _            __ _ _
 /\\ / ___'_ __ _ _(_)_ __  __ _ \ \ \ \
( ( )\___ | '_ | '_| | '_ \/ _` | \ \ \ \
 \\/  ___)| |_)| | | | | || (_| |  ) ) ) )
  '  |____| .__|_| |_|_| |_\__, | / / / /
 =========|_|==============|___/=/_/_/_/

 :: Spring Boot ::                (v3.3.3)

2024-09-11T18:47:24.020+02:00  INFO 13264 --- [cashcard] [           main] c.r.cashcard.CashCardApplicationTests    : Starting CashCardApplicationTests using Java 17.0.10 with PID 13264 (started by a.abad in C:\Users\a.abad\spring\cashcard)
2024-09-11T18:47:24.020+02:00  INFO 13264 --- [cashcard] [           main] c.r.cashcard.CashCardApplicationTests    : No active profile set, falling back to 1 default profile: "default"
2024-09-11T18:47:24.870+02:00  INFO 13264 --- [cashcard] [           main] .s.d.r.c.RepositoryConfigurationDelegate : Bootstrapping Spring Data JDBC repositories in DEFAULT mode.
2024-09-11T18:47:24.966+02:00  INFO 13264 --- [cashcard] [           main] .s.d.r.c.RepositoryConfigurationDelegate : Finished Spring Data repository scanning in 86 ms. Found 1 JDBC repository interface.
2024-09-11T18:47:25.790+02:00  INFO 13264 --- [cashcard] [           main] o.s.b.w.embedded.tomcat.TomcatWebServer  : Tomcat initialized with port 0 (http)
2024-09-11T18:47:25.800+02:00  INFO 13264 --- [cashcard] [           main] o.apache.catalina.core.StandardService   : Starting service [Tomcat]
2024-09-11T18:47:25.800+02:00  INFO 13264 --- [cashcard] [           main] o.apache.catalina.core.StandardEngine    : Starting Servlet engine: [Apache Tomcat/10.1.28]
2024-09-11T18:47:25.870+02:00  INFO 13264 --- [cashcard] [           main] o.a.c.c.C.[Tomcat].[localhost].[/]       : Initializing Spring embedded WebApplicationContext
2024-09-11T18:47:25.870+02:00  INFO 13264 --- [cashcard] [           main] w.s.c.ServletWebServerApplicationContext : Root WebApplicationContext: initialization completed in 1818 ms
2024-09-11T18:47:26.068+02:00  INFO 13264 --- [cashcard] [           main] com.zaxxer.hikari.HikariDataSource       : HikariPool-1 - Starting...
2024-09-11T18:47:26.310+02:00  INFO 13264 --- [cashcard] [           main] com.zaxxer.hikari.pool.HikariPool        : HikariPool-1 - Added connection conn0: url=jdbc:h2:mem:bdd0b5d0-e5d5-47af-88bc-2a354ebefbc7 user=SA
2024-09-11T18:47:26.314+02:00  INFO 13264 --- [cashcard] [           main] com.zaxxer.hikari.HikariDataSource       : HikariPool-1 - Start completed.
2024-09-11T18:47:27.083+02:00  INFO 13264 --- [cashcard] [           main] o.s.b.w.embedded.tomcat.TomcatWebServer  : Tomcat started on port 63952 (http) with context path '/'
2024-09-11T18:47:27.095+02:00  INFO 13264 --- [cashcard] [           main] c.r.cashcard.CashCardApplicationTests    : Started CashCardApplicationTests in 3.409 seconds (process running for 4.388)
2024-09-11T18:47:28.185+02:00  INFO 13264 --- [cashcard] [o-auto-1-exec-1] o.a.c.c.C.[Tomcat].[localhost].[/]       : Initializing Spring DispatcherServlet 'dispatcherServlet'
2024-09-11T18:47:28.185+02:00  INFO 13264 --- [cashcard] [o-auto-1-exec-1] o.s.web.servlet.DispatcherServlet        : Initializing Servlet 'dispatcherServlet'
2024-09-11T18:47:28.185+02:00  INFO 13264 --- [cashcard] [o-auto-1-exec-1] o.s.web.servlet.DispatcherServlet        : Completed initialization in 0 ms
]]></system-out>
  </testcase>
  <testcase name="shouldReturnACashCardWhenDataIsSaved" classname="com.rest.cashcard.CashCardApplicationTests" time="0.04"/>
  <testcase name="shouldNotReturnACashCardWithAnUnknownId" classname="com.rest.cashcard.CashCardApplicationTests" time="0.008"/>
</testsuite>